<?xml version="1.0" encoding="UTF-8"?>
<robot generator="Robot 7.1.1 (Python 3.12.4 on win32)" generated="2025-07-15T12:32:14.291721" rpa="false" schemaversion="5">
<suite id="s1" name="RaghuProject01" source="C:\Users\Lenovo\PycharmProjects\RaghuProject01">
<suite id="s1-s1" name="CriticalFlows" source="C:\Users\Lenovo\PycharmProjects\RaghuProject01\CriticalFlows">
<suite id="s1-s1-s1" name="TC20 PaymentModuleCard" source="C:\Users\Lenovo\PycharmProjects\RaghuProject01\CriticalFlows\TC20_PaymentModuleCard.robot">
<test id="s1-s1-s1-t1" name="Open the browser and login as Consumer" line="18">
<kw name="Open Browser With Unique Profile" owner="BrowserKeywords">
<kw name="Evaluate" owner="BuiltIn">
<msg time="2025-07-15T12:32:14.465549" level="INFO">${uuid} = 7034c0d467604ba381f9fbf888d2027b</msg>
<var>${uuid}</var>
<arg>__import__('uuid').uuid4().hex</arg>
<doc>Evaluates the given expression in Python and returns the result.</doc>
<status status="PASS" start="2025-07-15T12:32:14.465549" elapsed="0.000000"/>
</kw>
<kw name="Set Variable" owner="BuiltIn">
<msg time="2025-07-15T12:32:14.465549" level="INFO">${profile_dir} = /tmp/chrome_profiles/NORM_7034c0d467604ba381f9fbf888d2027b</msg>
<var>${profile_dir}</var>
<arg>${PROFILE_ROOT_DIR}/${alias}_${uuid}</arg>
<doc>Returns the given values which can then be assigned to a variables.</doc>
<status status="PASS" start="2025-07-15T12:32:14.465549" elapsed="0.000000"/>
</kw>
<kw name="Run Keyword And Return Status" owner="BuiltIn">
<kw name="Directory Should Exist" owner="OperatingSystem">
<msg time="2025-07-15T12:32:14.466469" level="INFO" html="true">Directory '&lt;a href="file://C:\tmp\chrome_profiles"&gt;C:\tmp\chrome_profiles&lt;/a&gt;' exists.</msg>
<arg>${PROFILE_ROOT_DIR}</arg>
<doc>Fails unless the given path points to an existing directory.</doc>
<status status="PASS" start="2025-07-15T12:32:14.466469" elapsed="0.000000"/>
</kw>
<msg time="2025-07-15T12:32:14.466469" level="INFO">${exists} = True</msg>
<var>${exists}</var>
<arg>Directory Should Exist</arg>
<arg>${PROFILE_ROOT_DIR}</arg>
<doc>Runs the given keyword with given arguments and returns the status as a Boolean value.</doc>
<status status="PASS" start="2025-07-15T12:32:14.466469" elapsed="0.000000"/>
</kw>
<if>
<branch type="IF" condition="not ${exists}">
<kw name="Create Directory" owner="OperatingSystem">
<arg>${PROFILE_ROOT_DIR}</arg>
<doc>Creates the specified directory.</doc>
<status status="NOT RUN" start="2025-07-15T12:32:14.466469" elapsed="0.000000"/>
</kw>
<status status="NOT RUN" start="2025-07-15T12:32:14.466469" elapsed="0.000000"/>
</branch>
<status status="PASS" start="2025-07-15T12:32:14.466469" elapsed="0.000000"/>
</if>
<kw name="Create Directory" owner="OperatingSystem">
<msg time="2025-07-15T12:32:14.467469" level="INFO" html="true">Created directory '&lt;a href="file://C:\tmp\chrome_profiles\NORM_7034c0d467604ba381f9fbf888d2027b"&gt;C:\tmp\chrome_profiles\NORM_7034c0d467604ba381f9fbf888d2027b&lt;/a&gt;'.</msg>
<arg>${profile_dir}</arg>
<doc>Creates the specified directory.</doc>
<status status="PASS" start="2025-07-15T12:32:14.466469" elapsed="0.001000"/>
</kw>
<kw name="Create List" owner="BuiltIn">
<msg time="2025-07-15T12:32:14.467469" level="INFO">${args} = []</msg>
<var>${args}</var>
<doc>Returns a list containing given items.</doc>
<status status="PASS" start="2025-07-15T12:32:14.467469" elapsed="0.000000"/>
</kw>
<for flavor="IN">
<iter>
<kw name="Append To List" owner="Collections">
<arg>${args}</arg>
<arg>${arg}</arg>
<doc>Adds ``values`` to the end of ``list``.</doc>
<status status="PASS" start="2025-07-15T12:32:14.467469" elapsed="0.001001"/>
</kw>
<var name="${arg}">--disable-popup-blocking</var>
<status status="PASS" start="2025-07-15T12:32:14.467469" elapsed="0.001001"/>
</iter>
<iter>
<kw name="Append To List" owner="Collections">
<arg>${args}</arg>
<arg>${arg}</arg>
<doc>Adds ``values`` to the end of ``list``.</doc>
<status status="PASS" start="2025-07-15T12:32:14.468470" elapsed="0.000000"/>
</kw>
<var name="${arg}">--disable-extensions</var>
<status status="PASS" start="2025-07-15T12:32:14.468470" elapsed="0.000000"/>
</iter>
<iter>
<kw name="Append To List" owner="Collections">
<arg>${args}</arg>
<arg>${arg}</arg>
<doc>Adds ``values`` to the end of ``list``.</doc>
<status status="PASS" start="2025-07-15T12:32:14.468470" elapsed="0.000000"/>
</kw>
<var name="${arg}">--disable-gpu</var>
<status status="PASS" start="2025-07-15T12:32:14.468470" elapsed="0.000000"/>
</iter>
<iter>
<kw name="Append To List" owner="Collections">
<arg>${args}</arg>
<arg>${arg}</arg>
<doc>Adds ``values`` to the end of ``list``.</doc>
<status status="PASS" start="2025-07-15T12:32:14.468470" elapsed="0.000000"/>
</kw>
<var name="${arg}">--no-sandbox</var>
<status status="PASS" start="2025-07-15T12:32:14.468470" elapsed="0.000000"/>
</iter>
<iter>
<kw name="Append To List" owner="Collections">
<arg>${args}</arg>
<arg>${arg}</arg>
<doc>Adds ``values`` to the end of ``list``.</doc>
<status status="PASS" start="2025-07-15T12:32:14.469469" elapsed="0.000000"/>
</kw>
<var name="${arg}">--window-size=1920,1080</var>
<status status="PASS" start="2025-07-15T12:32:14.469469" elapsed="0.000000"/>
</iter>
<iter>
<kw name="Append To List" owner="Collections">
<arg>${args}</arg>
<arg>${arg}</arg>
<doc>Adds ``values`` to the end of ``list``.</doc>
<status status="PASS" start="2025-07-15T12:32:14.469469" elapsed="0.000000"/>
</kw>
<var name="${arg}">--remote-debugging-port=0</var>
<status status="PASS" start="2025-07-15T12:32:14.469469" elapsed="0.000000"/>
</iter>
<iter>
<kw name="Append To List" owner="Collections">
<arg>${args}</arg>
<arg>${arg}</arg>
<doc>Adds ``values`` to the end of ``list``.</doc>
<status status="PASS" start="2025-07-15T12:32:14.469469" elapsed="0.000000"/>
</kw>
<var name="${arg}">--disable-dev-shm-usage</var>
<status status="PASS" start="2025-07-15T12:32:14.469469" elapsed="0.000000"/>
</iter>
<iter>
<kw name="Append To List" owner="Collections">
<arg>${args}</arg>
<arg>${arg}</arg>
<doc>Adds ``values`` to the end of ``list``.</doc>
<status status="PASS" start="2025-07-15T12:32:14.469469" elapsed="0.000000"/>
</kw>
<var name="${arg}">--disable-background-networking</var>
<status status="PASS" start="2025-07-15T12:32:14.469469" elapsed="0.000000"/>
</iter>
<var>${arg}</var>
<value>@{CHROME_BASE_ARGS}</value>
<status status="PASS" start="2025-07-15T12:32:14.467469" elapsed="0.002000"/>
</for>
<if>
<branch type="IF" condition="'${alias}' == 'INC'">
<kw name="Append To List" owner="Collections">
<arg>${args}</arg>
<arg>--incognito</arg>
<doc>Adds ``values`` to the end of ``list``.</doc>
<status status="NOT RUN" start="2025-07-15T12:32:14.469469" elapsed="0.000000"/>
</kw>
<status status="NOT RUN" start="2025-07-15T12:32:14.469469" elapsed="0.000000"/>
</branch>
<status status="PASS" start="2025-07-15T12:32:14.469469" elapsed="0.001505"/>
</if>
<kw name="Append To List" owner="Collections">
<arg>${args}</arg>
<arg>--user-data-dir=${profile_dir}</arg>
<doc>Adds ``values`` to the end of ``list``.</doc>
<status status="PASS" start="2025-07-15T12:32:14.470974" elapsed="0.000000"/>
</kw>
<kw name="Evaluate" owner="BuiltIn">
<msg time="2025-07-15T12:32:14.470974" level="INFO">${chrome options} = &lt;selenium.webdriver.chrome.options.Options object at 0x0000018A5E1ACD70&gt;</msg>
<var>${chrome options}</var>
<arg>sys.modules['selenium.webdriver'].ChromeOptions()</arg>
<arg>sys</arg>
<doc>Evaluates the given expression in Python and returns the result.</doc>
<status status="PASS" start="2025-07-15T12:32:14.470974" elapsed="0.000000"/>
</kw>
<kw name="Get Environment Variable" owner="OperatingSystem">
<msg time="2025-07-15T12:32:14.472017" level="INFO">${headless} = None</msg>
<var>${headless}</var>
<arg>ROBOT_HEADLESS</arg>
<arg>default=None</arg>
<doc>Returns the value of an environment variable with the given name.</doc>
<status status="PASS" start="2025-07-15T12:32:14.470974" elapsed="0.001043"/>
</kw>
<if>
<branch type="IF" condition="'${headless}' != 'None'">
<kw name="Call Method" owner="BuiltIn">
<arg>${chrome options}</arg>
<arg>add_argument</arg>
<arg>${headless}</arg>
<doc>Calls the named method of the given object with the provided arguments.</doc>
<status status="NOT RUN" start="2025-07-15T12:32:14.472017" elapsed="0.000000"/>
</kw>
<status status="NOT RUN" start="2025-07-15T12:32:14.472017" elapsed="0.000000"/>
</branch>
<status status="PASS" start="2025-07-15T12:32:14.472017" elapsed="0.000000"/>
</if>
<for flavor="IN">
<iter>
<kw name="Call Method" owner="BuiltIn">
<arg>${chrome options}</arg>
<arg>add_argument</arg>
<arg>${arg}</arg>
<doc>Calls the named method of the given object with the provided arguments.</doc>
<status status="PASS" start="2025-07-15T12:32:14.472017" elapsed="0.000000"/>
</kw>
<var name="${arg}">--disable-popup-blocking</var>
<status status="PASS" start="2025-07-15T12:32:14.472017" elapsed="0.000000"/>
</iter>
<iter>
<kw name="Call Method" owner="BuiltIn">
<arg>${chrome options}</arg>
<arg>add_argument</arg>
<arg>${arg}</arg>
<doc>Calls the named method of the given object with the provided arguments.</doc>
<status status="PASS" start="2025-07-15T12:32:14.473019" elapsed="0.000000"/>
</kw>
<var name="${arg}">--disable-extensions</var>
<status status="PASS" start="2025-07-15T12:32:14.473019" elapsed="0.000000"/>
</iter>
<iter>
<kw name="Call Method" owner="BuiltIn">
<arg>${chrome options}</arg>
<arg>add_argument</arg>
<arg>${arg}</arg>
<doc>Calls the named method of the given object with the provided arguments.</doc>
<status status="PASS" start="2025-07-15T12:32:14.473019" elapsed="0.000000"/>
</kw>
<var name="${arg}">--disable-gpu</var>
<status status="PASS" start="2025-07-15T12:32:14.473019" elapsed="0.000000"/>
</iter>
<iter>
<kw name="Call Method" owner="BuiltIn">
<arg>${chrome options}</arg>
<arg>add_argument</arg>
<arg>${arg}</arg>
<doc>Calls the named method of the given object with the provided arguments.</doc>
<status status="PASS" start="2025-07-15T12:32:14.473019" elapsed="0.000000"/>
</kw>
<var name="${arg}">--no-sandbox</var>
<status status="PASS" start="2025-07-15T12:32:14.473019" elapsed="0.000000"/>
</iter>
<iter>
<kw name="Call Method" owner="BuiltIn">
<arg>${chrome options}</arg>
<arg>add_argument</arg>
<arg>${arg}</arg>
<doc>Calls the named method of the given object with the provided arguments.</doc>
<status status="PASS" start="2025-07-15T12:32:14.473019" elapsed="0.001000"/>
</kw>
<var name="${arg}">--window-size=1920,1080</var>
<status status="PASS" start="2025-07-15T12:32:14.473019" elapsed="0.001000"/>
</iter>
<iter>
<kw name="Call Method" owner="BuiltIn">
<arg>${chrome options}</arg>
<arg>add_argument</arg>
<arg>${arg}</arg>
<doc>Calls the named method of the given object with the provided arguments.</doc>
<status status="PASS" start="2025-07-15T12:32:14.474019" elapsed="0.000000"/>
</kw>
<var name="${arg}">--remote-debugging-port=0</var>
<status status="PASS" start="2025-07-15T12:32:14.474019" elapsed="0.000000"/>
</iter>
<iter>
<kw name="Call Method" owner="BuiltIn">
<arg>${chrome options}</arg>
<arg>add_argument</arg>
<arg>${arg}</arg>
<doc>Calls the named method of the given object with the provided arguments.</doc>
<status status="PASS" start="2025-07-15T12:32:14.474019" elapsed="0.000000"/>
</kw>
<var name="${arg}">--disable-dev-shm-usage</var>
<status status="PASS" start="2025-07-15T12:32:14.474019" elapsed="0.000000"/>
</iter>
<iter>
<kw name="Call Method" owner="BuiltIn">
<arg>${chrome options}</arg>
<arg>add_argument</arg>
<arg>${arg}</arg>
<doc>Calls the named method of the given object with the provided arguments.</doc>
<status status="PASS" start="2025-07-15T12:32:14.474019" elapsed="0.001000"/>
</kw>
<var name="${arg}">--disable-background-networking</var>
<status status="PASS" start="2025-07-15T12:32:14.474019" elapsed="0.001000"/>
</iter>
<iter>
<kw name="Call Method" owner="BuiltIn">
<arg>${chrome options}</arg>
<arg>add_argument</arg>
<arg>${arg}</arg>
<doc>Calls the named method of the given object with the provided arguments.</doc>
<status status="PASS" start="2025-07-15T12:32:14.475019" elapsed="0.000000"/>
</kw>
<var name="${arg}">--user-data-dir=/tmp/chrome_profiles/NORM_7034c0d467604ba381f9fbf888d2027b</var>
<status status="PASS" start="2025-07-15T12:32:14.475019" elapsed="0.000000"/>
</iter>
<var>${arg}</var>
<value>@{args}</value>
<status status="PASS" start="2025-07-15T12:32:14.472017" elapsed="0.003002"/>
</for>
<kw name="Open Browser" owner="SeleniumLibrary">
<msg time="2025-07-15T12:32:14.475019" level="INFO">Opening browser 'chrome' to base url 'https://app-dev.taskhuman.com/login'.</msg>
<arg>url=${url}</arg>
<arg>browser=chrome</arg>
<arg>options=${chrome options}</arg>
<arg>alias=${alias}</arg>
<doc>Opens a new browser instance to the optional ``url``.</doc>
<status status="PASS" start="2025-07-15T12:32:14.475019" elapsed="4.734538"/>
</kw>
<kw name="Set Suite Variable" owner="BuiltIn">
<msg time="2025-07-15T12:32:19.209557" level="INFO">${_CURRENT_BROWSER_USER_DATA_DIR} = /tmp/chrome_profiles/NORM_7034c0d467604ba381f9fbf888d2027b</msg>
<arg>${_CURRENT_BROWSER_USER_DATA_DIR}</arg>
<arg>${profile_dir}</arg>
<doc>Makes a variable available everywhere within the scope of the current suite.</doc>
<status status="PASS" start="2025-07-15T12:32:19.209557" elapsed="0.000000"/>
</kw>
<arg>https://app-dev.taskhuman.com/login</arg>
<arg>NORM</arg>
<status status="PASS" start="2025-07-15T12:32:14.464444" elapsed="4.745113"/>
</kw>
<kw name="Wait Until Element Is Visible" owner="SeleniumLibrary">
<arg>xpath://div[@class='Login-module__signup-text css-0']</arg>
<arg>10s</arg>
<doc>Waits until the element ``locator`` is visible.</doc>
<status status="PASS" start="2025-07-15T12:32:19.210943" elapsed="3.954679"/>
</kw>
<kw name="Sleep" owner="BuiltIn">
<msg time="2025-07-15T12:32:28.166019" level="INFO">Slept 5 seconds.</msg>
<arg>5s</arg>
<doc>Pauses the test executed for the given time.</doc>
<status status="PASS" start="2025-07-15T12:32:23.165622" elapsed="5.000397"/>
</kw>
<kw name="Click Element" owner="SeleniumLibrary">
<msg time="2025-07-15T12:32:28.166019" level="INFO">Clicking element 'xpath://div[@class='Login-module__signup-text css-0']'.</msg>
<arg>xpath://div[@class='Login-module__signup-text css-0']</arg>
<doc>Click the element identified by ``locator``.</doc>
<status status="PASS" start="2025-07-15T12:32:28.166019" elapsed="0.103268"/>
</kw>
<kw name="Wait Until Element Is Visible" owner="SeleniumLibrary">
<arg>xpath=//input[@name='email']</arg>
<arg>8s</arg>
<doc>Waits until the element ``locator`` is visible.</doc>
<status status="PASS" start="2025-07-15T12:32:28.270794" elapsed="0.028184"/>
</kw>
<kw name="Click Element" owner="SeleniumLibrary">
<msg time="2025-07-15T12:32:28.300053" level="INFO">Clicking element 'xpath=//input[@name='email']'.</msg>
<arg>xpath=//input[@name='email']</arg>
<doc>Click the element identified by ``locator``.</doc>
<status status="PASS" start="2025-07-15T12:32:28.300053" elapsed="0.089480"/>
</kw>
<kw name="Input Text" owner="SeleniumLibrary">
<msg time="2025-07-15T12:32:28.392084" level="INFO">Typing text 'raghuram.m+rc1@taskhuman.com' into text field 'xpath=//input[@name='email']'.</msg>
<arg>xpath=//input[@name='email']</arg>
<arg>${CONSUMER_EMAIL}</arg>
<doc>Types the given ``text`` into the text field identified by ``locator``.</doc>
<status status="PASS" start="2025-07-15T12:32:28.392084" elapsed="0.198038"/>
</kw>
<kw name="Wait Until Element Is Visible" owner="SeleniumLibrary">
<arg>xpath=//input[@name='password']</arg>
<arg>10s</arg>
<doc>Waits until the element ``locator`` is visible.</doc>
<status status="PASS" start="2025-07-15T12:32:28.591193" elapsed="0.021836"/>
</kw>
<kw name="Click Element" owner="SeleniumLibrary">
<msg time="2025-07-15T12:32:28.614303" level="INFO">Clicking element 'xpath=//input[@name='password']'.</msg>
<arg>xpath=//input[@name='password']</arg>
<doc>Click the element identified by ``locator``.</doc>
<status status="PASS" start="2025-07-15T12:32:28.614303" elapsed="0.099009"/>
</kw>
<kw name="Input Text" owner="SeleniumLibrary">
<msg time="2025-07-15T12:32:28.714613" level="INFO">Typing text 'asdfgh@12345Q' into text field 'xpath=//input[@name='password']'.</msg>
<arg>xpath=//input[@name='password']</arg>
<arg>${CONSUMER_PASSWORD}</arg>
<doc>Types the given ``text`` into the text field identified by ``locator``.</doc>
<status status="PASS" start="2025-07-15T12:32:28.714613" elapsed="0.126403"/>
</kw>
<kw name="Wait Until Element Is Visible" owner="SeleniumLibrary">
<arg>xpath://button[@value='submit']</arg>
<arg>10s</arg>
<doc>Waits until the element ``locator`` is visible.</doc>
<status status="PASS" start="2025-07-15T12:32:28.842049" elapsed="0.014999"/>
</kw>
<kw name="Click Element" owner="SeleniumLibrary">
<msg time="2025-07-15T12:32:28.858051" level="INFO">Clicking element 'xpath://button[@value='submit']'.</msg>
<arg>xpath://button[@value='submit']</arg>
<doc>Click the element identified by ``locator``.</doc>
<status status="PASS" start="2025-07-15T12:32:28.858051" elapsed="0.061415"/>
</kw>
<kw name="Sleep" owner="BuiltIn">
<msg time="2025-07-15T12:32:32.921194" level="INFO">Slept 4 seconds.</msg>
<arg>4s</arg>
<doc>Pauses the test executed for the given time.</doc>
<status status="PASS" start="2025-07-15T12:32:28.920974" elapsed="4.000220"/>
</kw>
<status status="PASS" start="2025-07-15T12:32:14.463426" elapsed="18.460046"/>
</test>
<test id="s1-s1-s1-t2" name="Check that error message is displayed or redirected to available payment option if purchasing mins" line="34">
<kw name="Wait Until Element Is Visible" owner="SeleniumLibrary">
<arg>xpath=//div[contains(@class, 'MenuBar-module__Menubar--Credit__Label') and normalize-space()='Minutes']/preceding-sibling::div</arg>
<arg>10s</arg>
<doc>Waits until the element ``locator`` is visible.</doc>
<status status="PASS" start="2025-07-15T12:32:32.928318" elapsed="0.682825"/>
</kw>
<kw name="Click Element" owner="SeleniumLibrary">
<msg time="2025-07-15T12:32:33.611143" level="INFO">Clicking element 'xpath=//div[contains(@class, 'MenuBar-module__Menubar--Credit__Label') and normalize-space()='Minutes']/preceding-sibling::div'.</msg>
<arg>xpath=//div[contains(@class, 'MenuBar-module__Menubar--Credit__Label') and normalize-space()='Minutes']/preceding-sibling::div</arg>
<doc>Click the element identified by ``locator``.</doc>
<status status="PASS" start="2025-07-15T12:32:33.611143" elapsed="0.141617"/>
</kw>
<kw name="Execute Javascript" owner="SeleniumLibrary">
<msg time="2025-07-15T12:32:33.753759" level="INFO">Executing JavaScript:
var el = document.evaluate("//div[normalize-space(text())='$240']", document, null, XPathResult.FIRST_ORDERED_NODE_TYPE, null).singleNodeValue; if (el) { el.scrollIntoView(); el.click(); }
Without any arguments.</msg>
<arg>var el = document.evaluate("//div[normalize-space(text())='$240']", document, null, XPathResult.FIRST_ORDERED_NODE_TYPE, null).singleNodeValue; if (el) { el.scrollIntoView(); el.click(); }</arg>
<doc>Executes the given JavaScript code with possible arguments.</doc>
<status status="PASS" start="2025-07-15T12:32:33.752760" elapsed="0.004573"/>
</kw>
<kw name="Element Should Be Disabled" owner="SeleniumLibrary">
<arg>xpath=//button[normalize-space()='Pay Now &amp; Add Time']</arg>
<doc>Verifies that element identified by ``locator`` is disabled.</doc>
<status status="PASS" start="2025-07-15T12:32:33.758346" elapsed="0.014898"/>
</kw>
<status status="PASS" start="2025-07-15T12:32:32.926930" elapsed="0.846314"/>
</test>
<test id="s1-s1-s1-t3" name="Check consumer is able to add cards under payment methods" line="41">
<kw name="Go To" owner="SeleniumLibrary">
<msg time="2025-07-15T12:32:33.774364" level="INFO">Opening url 'https://app-dev.taskhuman.com/settings/payment-method'</msg>
<arg>https://app-dev.taskhuman.com/settings/payment-method</arg>
<doc>Navigates the current browser window to the provided ``url``.</doc>
<status status="PASS" start="2025-07-15T12:32:33.774364" elapsed="1.917019"/>
</kw>
<kw name="Wait Until Element Is Visible" owner="SeleniumLibrary">
<arg>xpath=//*[text()='Add Payment Method']</arg>
<arg>10s</arg>
<doc>Waits until the element ``locator`` is visible.</doc>
<status status="PASS" start="2025-07-15T12:32:35.692942" elapsed="2.838314"/>
</kw>
<kw name="Click Element" owner="SeleniumLibrary">
<msg time="2025-07-15T12:32:38.531256" level="INFO">Clicking element 'xpath=//*[text()='Add Payment Method']'.</msg>
<arg>xpath=//*[text()='Add Payment Method']</arg>
<doc>Click the element identified by ``locator``.</doc>
<status status="PASS" start="2025-07-15T12:32:38.531256" elapsed="0.142920"/>
</kw>
<kw name="Sleep" owner="BuiltIn">
<msg time="2025-07-15T12:32:41.674685" level="INFO">Slept 3 seconds.</msg>
<arg>3s</arg>
<doc>Pauses the test executed for the given time.</doc>
<status status="PASS" start="2025-07-15T12:32:38.674176" elapsed="3.000509"/>
</kw>
<kw name="Wait Until Element Is Visible" owner="SeleniumLibrary">
<arg>xpath=//*[text()='Payment Methods']</arg>
<arg>10s</arg>
<doc>Waits until the element ``locator`` is visible.</doc>
<status status="PASS" start="2025-07-15T12:32:41.677215" elapsed="0.060713"/>
</kw>
<kw name="Click Element" owner="SeleniumLibrary">
<msg time="2025-07-15T12:32:41.738933" level="INFO">Clicking element 'xpath=//*[text()='Payment Methods']'.</msg>
<arg>xpath=//*[text()='Payment Methods']</arg>
<doc>Click the element identified by ``locator``.</doc>
<status status="PASS" start="2025-07-15T12:32:41.738933" elapsed="0.078873"/>
</kw>
<kw name="Sleep" owner="BuiltIn">
<msg time="2025-07-15T12:32:44.819635" level="INFO">Slept 3 seconds.</msg>
<arg>3s</arg>
<doc>Pauses the test executed for the given time.</doc>
<status status="PASS" start="2025-07-15T12:32:41.817806" elapsed="3.001829"/>
</kw>
<kw name="Wait Until Element Is Visible" owner="SeleniumLibrary">
<arg>xpath=(//iframe[contains(@name, '__privateStripeFrame')])[1]</arg>
<arg>10s</arg>
<doc>Waits until the element ``locator`` is visible.</doc>
<status status="PASS" start="2025-07-15T12:32:44.820685" elapsed="0.048620"/>
</kw>
<kw name="Select Frame" owner="SeleniumLibrary">
<msg time="2025-07-15T12:32:44.871320" level="INFO">Selecting frame 'xpath=(//iframe[contains(@name, '__privateStripeFrame')])[1]'.</msg>
<arg>xpath=(//iframe[contains(@name, '__privateStripeFrame')])[1]</arg>
<doc>Sets frame identified by ``locator`` as the current frame.</doc>
<status status="PASS" start="2025-07-15T12:32:44.871320" elapsed="0.039770"/>
</kw>
<kw name="Wait Until Element Is Visible" owner="SeleniumLibrary">
<arg>xpath=//input[@name='cardnumber']</arg>
<arg>5s</arg>
<doc>Waits until the element ``locator`` is visible.</doc>
<status status="PASS" start="2025-07-15T12:32:44.912456" elapsed="0.032822"/>
</kw>
<kw name="Input Text" owner="SeleniumLibrary">
<msg time="2025-07-15T12:32:44.946648" level="INFO">Typing text '4242 4242 4242 4242' into text field 'xpath=//input[@name='cardnumber']'.</msg>
<arg>xpath=//input[@name='cardnumber']</arg>
<arg>4242 4242 4242 4242</arg>
<doc>Types the given ``text`` into the text field identified by ``locator``.</doc>
<status status="PASS" start="2025-07-15T12:32:44.946648" elapsed="0.143854"/>
</kw>
<kw name="Unselect Frame" owner="SeleniumLibrary">
<doc>Sets the main frame as the current frame.</doc>
<status status="PASS" start="2025-07-15T12:32:45.090995" elapsed="0.004727"/>
</kw>
<kw name="Wait Until Element Is Visible" owner="SeleniumLibrary">
<arg>xpath=(//iframe[contains(@name, '__privateStripeFrame')])[2]</arg>
<arg>10s</arg>
<doc>Waits until the element ``locator`` is visible.</doc>
<status status="PASS" start="2025-07-15T12:32:45.095722" elapsed="0.020558"/>
</kw>
<kw name="Select Frame" owner="SeleniumLibrary">
<msg time="2025-07-15T12:32:45.116280" level="INFO">Selecting frame 'xpath=(//iframe[contains(@name, '__privateStripeFrame')])[2]'.</msg>
<arg>xpath=(//iframe[contains(@name, '__privateStripeFrame')])[2]</arg>
<doc>Sets frame identified by ``locator`` as the current frame.</doc>
<status status="PASS" start="2025-07-15T12:32:45.116280" elapsed="0.047056"/>
</kw>
<kw name="Wait Until Element Is Visible" owner="SeleniumLibrary">
<arg>xpath=//input[@name='exp-date']</arg>
<arg>5s</arg>
<doc>Waits until the element ``locator`` is visible.</doc>
<status status="PASS" start="2025-07-15T12:32:45.163336" elapsed="0.018117"/>
</kw>
<kw name="Input Text" owner="SeleniumLibrary">
<msg time="2025-07-15T12:32:45.182477" level="INFO">Typing text '12/28' into text field 'xpath=//input[@name='exp-date']'.</msg>
<arg>xpath=//input[@name='exp-date']</arg>
<arg>12/28</arg>
<doc>Types the given ``text`` into the text field identified by ``locator``.</doc>
<status status="PASS" start="2025-07-15T12:32:45.182477" elapsed="0.141090"/>
</kw>
<kw name="Unselect Frame" owner="SeleniumLibrary">
<doc>Sets the main frame as the current frame.</doc>
<status status="PASS" start="2025-07-15T12:32:45.324581" elapsed="0.007531"/>
</kw>
<kw name="Wait Until Element Is Visible" owner="SeleniumLibrary">
<arg>xpath=(//iframe[contains(@name, '__privateStripeFrame')])[3]</arg>
<arg>10s</arg>
<doc>Waits until the element ``locator`` is visible.</doc>
<status status="PASS" start="2025-07-15T12:32:45.333128" elapsed="0.026510"/>
</kw>
<kw name="Select Frame" owner="SeleniumLibrary">
<msg time="2025-07-15T12:32:45.361145" level="INFO">Selecting frame 'xpath=(//iframe[contains(@name, '__privateStripeFrame')])[3]'.</msg>
<arg>xpath=(//iframe[contains(@name, '__privateStripeFrame')])[3]</arg>
<doc>Sets frame identified by ``locator`` as the current frame.</doc>
<status status="PASS" start="2025-07-15T12:32:45.359638" elapsed="0.033422"/>
</kw>
<kw name="Wait Until Element Is Visible" owner="SeleniumLibrary">
<arg>xpath=//input[@name='cvc']</arg>
<arg>5s</arg>
<doc>Waits until the element ``locator`` is visible.</doc>
<status status="PASS" start="2025-07-15T12:32:45.394158" elapsed="0.031248"/>
</kw>
<kw name="Input Text" owner="SeleniumLibrary">
<msg time="2025-07-15T12:32:45.427294" level="INFO">Typing text '123' into text field 'xpath=//input[@name='cvc']'.</msg>
<arg>xpath=//input[@name='cvc']</arg>
<arg>123</arg>
<doc>Types the given ``text`` into the text field identified by ``locator``.</doc>
<status status="PASS" start="2025-07-15T12:32:45.427294" elapsed="0.097041"/>
</kw>
<kw name="Unselect Frame" owner="SeleniumLibrary">
<doc>Sets the main frame as the current frame.</doc>
<status status="PASS" start="2025-07-15T12:32:45.525490" elapsed="0.008256"/>
</kw>
<status status="PASS" start="2025-07-15T12:32:33.774364" elapsed="11.760638"/>
</test>
<test id="s1-s1-s1-t4" name="validate if on adding card it can be made default" line="93">
<kw name="Wait Until Element Is Visible" owner="SeleniumLibrary">
<arg>xpath=//div[contains(@class, 'PaymentCard-module__Deault--CheckBox')]//span[contains(@class, 'chakra-checkbox__control')]</arg>
<arg>10S</arg>
<doc>Waits until the element ``locator`` is visible.</doc>
<status status="PASS" start="2025-07-15T12:32:45.537417" elapsed="0.024724"/>
</kw>
<kw name="Click Element" owner="SeleniumLibrary">
<msg time="2025-07-15T12:32:45.563219" level="INFO">Clicking element 'xpath=//div[contains(@class, 'PaymentCard-module__Deault--CheckBox')]//span[contains(@class, 'chakra-checkbox__control')]'.</msg>
<arg>xpath=//div[contains(@class, 'PaymentCard-module__Deault--CheckBox')]//span[contains(@class, 'chakra-checkbox__control')]</arg>
<doc>Click the element identified by ``locator``.</doc>
<status status="PASS" start="2025-07-15T12:32:45.563219" elapsed="0.103260"/>
</kw>
<kw name="Wait Until Element Is Visible" owner="SeleniumLibrary">
<arg>xpath=//*[text()='Save']</arg>
<arg>10s</arg>
<doc>Waits until the element ``locator`` is visible.</doc>
<status status="PASS" start="2025-07-15T12:32:45.667535" elapsed="0.020852"/>
</kw>
<kw name="Click Element" owner="SeleniumLibrary">
<msg time="2025-07-15T12:32:45.689393" level="INFO">Clicking element 'xpath=//*[text()='Save']'.</msg>
<arg>xpath=//*[text()='Save']</arg>
<doc>Click the element identified by ``locator``.</doc>
<status status="PASS" start="2025-07-15T12:32:45.689393" elapsed="0.164149"/>
</kw>
<kw name="Sleep" owner="BuiltIn">
<msg time="2025-07-15T12:32:48.855109" level="INFO">Slept 3 seconds.</msg>
<arg>3s</arg>
<doc>Pauses the test executed for the given time.</doc>
<status status="PASS" start="2025-07-15T12:32:45.854579" elapsed="3.000530"/>
</kw>
<status status="PASS" start="2025-07-15T12:32:45.536299" elapsed="3.318810"/>
</test>
<test id="s1-s1-s1-t5" name="Validate if added card can be deleted" line="104">
<kw name="Wait Until Element Is Visible" owner="SeleniumLibrary">
<arg>xpath://p[@class='chakra-text SettingComponents-module__Card--Number css-0']</arg>
<arg>10s</arg>
<doc>Waits until the element ``locator`` is visible.</doc>
<status status="PASS" start="2025-07-15T12:32:48.859167" elapsed="0.022134"/>
</kw>
<kw name="Click Element" owner="SeleniumLibrary">
<msg time="2025-07-15T12:32:48.881301" level="INFO">Clicking element 'xpath://p[@class='chakra-text SettingComponents-module__Card--Number css-0']'.</msg>
<arg>xpath://p[@class='chakra-text SettingComponents-module__Card--Number css-0']</arg>
<doc>Click the element identified by ``locator``.</doc>
<status status="PASS" start="2025-07-15T12:32:48.881301" elapsed="0.092649"/>
</kw>
<kw name="Sleep" owner="BuiltIn">
<msg time="2025-07-15T12:32:51.974199" level="INFO">Slept 3 seconds.</msg>
<arg>3s</arg>
<doc>Pauses the test executed for the given time.</doc>
<status status="PASS" start="2025-07-15T12:32:48.973950" elapsed="3.000249"/>
</kw>
<kw name="Wait Until Element Is Visible" owner="SeleniumLibrary">
<arg>xpath=//*[text()='Delete']</arg>
<arg>10s</arg>
<doc>Waits until the element ``locator`` is visible.</doc>
<status status="PASS" start="2025-07-15T12:32:51.974199" elapsed="0.023815"/>
</kw>
<kw name="Click Element" owner="SeleniumLibrary">
<msg time="2025-07-15T12:32:51.998014" level="INFO">Clicking element 'xpath=//*[text()='Delete']'.</msg>
<arg>xpath=//*[text()='Delete']</arg>
<doc>Click the element identified by ``locator``.</doc>
<status status="PASS" start="2025-07-15T12:32:51.998014" elapsed="0.072868"/>
</kw>
<kw name="Sleep" owner="BuiltIn">
<msg time="2025-07-15T12:32:57.071560" level="INFO">Slept 5 seconds.</msg>
<arg>5s</arg>
<doc>Pauses the test executed for the given time.</doc>
<status status="PASS" start="2025-07-15T12:32:52.071388" elapsed="5.000172"/>
</kw>
<status status="PASS" start="2025-07-15T12:32:48.859167" elapsed="8.215868"/>
</test>
<test id="s1-s1-s1-t6" name="Validate if deleted card is not visible" line="112">
<kw name="Element Should Not Be Visible" owner="SeleniumLibrary">
<msg time="2025-07-15T12:32:57.088911" level="INFO">Element 'xpath://p[@class='chakra-text SettingComponents-module__Card--Number css-0']' did not exist.</msg>
<arg>xpath://p[@class='chakra-text SettingComponents-module__Card--Number css-0']</arg>
<arg>10s</arg>
<doc>Verifies that the element identified by ``locator`` is NOT visible.</doc>
<status status="PASS" start="2025-07-15T12:32:57.078037" elapsed="0.010874"/>
</kw>
<kw name="Sleep" owner="BuiltIn">
<msg time="2025-07-15T12:33:00.089546" level="INFO">Slept 3 seconds.</msg>
<arg>3s</arg>
<doc>Pauses the test executed for the given time.</doc>
<status status="PASS" start="2025-07-15T12:32:57.088911" elapsed="3.000635"/>
</kw>
<status status="PASS" start="2025-07-15T12:32:57.076431" elapsed="3.014664"/>
</test>
<test id="s1-s1-s1-t7" name="Goto Settings and logout as consumer" line="115">
<kw name="Go To" owner="SeleniumLibrary">
<msg time="2025-07-15T12:33:00.091095" level="INFO">Opening url 'https://app-dev.taskhuman.com/settings'</msg>
<arg>https://app-dev.taskhuman.com/settings</arg>
<doc>Navigates the current browser window to the provided ``url``.</doc>
<status status="PASS" start="2025-07-15T12:33:00.091095" elapsed="1.962787"/>
</kw>
<kw name="Wait Until Page Contains Element" owner="SeleniumLibrary">
<arg>xpath=//div[@data-testid="logout_btn"]</arg>
<arg>10s</arg>
<doc>Waits until the element ``locator`` appears on the current page.</doc>
<status status="PASS" start="2025-07-15T12:33:02.054903" elapsed="2.429229"/>
</kw>
<kw name="Click Element" owner="SeleniumLibrary">
<msg time="2025-07-15T12:33:04.487040" level="INFO">Clicking element 'xpath=//div[@data-testid="logout_btn"]'.</msg>
<arg>xpath=//div[@data-testid="logout_btn"]</arg>
<doc>Click the element identified by ``locator``.</doc>
<status status="PASS" start="2025-07-15T12:33:04.487040" elapsed="0.117511"/>
</kw>
<kw name="Sleep" owner="BuiltIn">
<msg time="2025-07-15T12:33:07.605934" level="INFO">Slept 3 seconds.</msg>
<arg>3s</arg>
<doc>Pauses the test executed for the given time.</doc>
<status status="PASS" start="2025-07-15T12:33:04.605592" elapsed="3.000342"/>
</kw>
<kw name="Wait Until Page Contains Element" owner="SeleniumLibrary">
<arg>xpath=//div[@data-testid='confirm_btn']</arg>
<arg>10s</arg>
<doc>Waits until the element ``locator`` appears on the current page.</doc>
<status status="PASS" start="2025-07-15T12:33:07.605934" elapsed="0.025341"/>
</kw>
<kw name="Click Element" owner="SeleniumLibrary">
<msg time="2025-07-15T12:33:07.631275" level="INFO">Clicking element 'xpath=//div[@data-testid='confirm_btn']'.</msg>
<arg>xpath=//div[@data-testid='confirm_btn']</arg>
<doc>Click the element identified by ``locator``.</doc>
<status status="PASS" start="2025-07-15T12:33:07.631275" elapsed="0.087372"/>
</kw>
<status status="PASS" start="2025-07-15T12:33:00.091095" elapsed="7.628129"/>
</test>
<kw name="Close All Browsers" owner="SeleniumLibrary" type="TEARDOWN">
<doc>Closes all open browsers and resets the browser cache.</doc>
<status status="PASS" start="2025-07-15T12:33:07.721310" elapsed="6.345239"/>
</kw>
<status status="PASS" start="2025-07-15T12:32:14.319558" elapsed="59.746991"/>
</suite>
<status status="PASS" start="2025-07-15T12:32:14.318417" elapsed="59.753183"/>
</suite>
<status status="PASS" start="2025-07-15T12:32:14.292891" elapsed="59.780722"/>
</suite>
<statistics>
<total>
<stat pass="7" fail="0" skip="0">All Tests</stat>
</total>
<tag>
</tag>
<suite>
<stat pass="7" fail="0" skip="0" id="s1" name="RaghuProject01">RaghuProject01</stat>
<stat pass="7" fail="0" skip="0" id="s1-s1" name="CriticalFlows">RaghuProject01.CriticalFlows</stat>
<stat pass="7" fail="0" skip="0" id="s1-s1-s1" name="TC20 PaymentModuleCard">RaghuProject01.CriticalFlows.TC20 PaymentModuleCard</stat>
</suite>
</statistics>
<errors>
<msg time="2025-07-15T12:32:14.215475" level="WARN">Error in file 'C:\Users\Lenovo\PycharmProjects\RaghuProject01\Tests\A_sendemail.robot' on line 43: The '[Return]' setting is deprecated. Use the 'RETURN' statement instead.</msg>
<msg time="2025-07-15T12:32:14.216492" level="WARN">Error in file 'C:\Users\Lenovo\PycharmProjects\RaghuProject01\Tests\A_sendemail.robot' on line 50: The '[Return]' setting is deprecated. Use the 'RETURN' statement instead.</msg>
</errors>
</robot>
